<?xml version="1.0" encoding="UTF-8"?>
<!-- Generated by org.testng.reporters.JUnitXMLReporter -->
<testsuite ignored="1" hostname="Lenovo-PC" failures="0" tests="3" name="Default test" time="0.097" errors="0" timestamp="2021-12-13T17:36:13 IST">
  <testcase classname="Test.Demo1" name="test3" time="0.01"/>
  <testcase classname="Test.Demo1" name="test2" time="0.01"/>
  <testcase classname="Test.Demo1" name="depends" time="0.002"/>
  <testcase classname="Test.Demo1" name="test" time="0.0">
    <ignored/>
  </testcase> <!-- test -->
</testsuite> <!-- Default test -->
