<?xml version="1.0" encoding="UTF-8"?>
<!-- Generated by org.testng.reporters.JUnitXMLReporter -->
<testsuite ignored="3" hostname="Lenovo-PC" failures="0" tests="3" name="Test1.0" time="0.069" errors="0" timestamp="2021-12-13T20:45:43 IST">
  <testcase classname="Test.Demo1" name="test" time="0.008"/>
  <testcase classname="Test.Demo1" name="test" time="0.002"/>
  <testcase classname="Test.Demo1" name="test" time="0.002"/>
  <testcase classname="Test.Demo1" name="depends" time="0.0">
    <ignored/>
  </testcase> <!-- depends -->
  <testcase classname="Test.Demo1" name="test2" time="0.0">
    <ignored/>
  </testcase> <!-- test2 -->
  <testcase classname="Test.Demo1" name="test3" time="0.0">
    <ignored/>
  </testcase> <!-- test3 -->
</testsuite> <!-- Test1.0 -->
