<?xml version="1.0" encoding="UTF-8"?>
<!-- Generated by org.testng.reporters.JUnitXMLReporter -->
<testsuite ignored="3" hostname="Lenovo-PC" failures="0" tests="3" name="Test 3.0" time="0.086" errors="0" timestamp="2021-12-13T16:51:25 IST">
  <testcase classname="Test.Demo1" name="test" time="0.013"/>
  <testcase classname="Test.Demo" name="test" time="0.002"/>
  <testcase classname="Test.BasicIntro" name="Demobasics" time="0.004"/>
  <testcase classname="Test.BasicIntro" name="Demo1" time="0.0">
    <ignored/>
  </testcase> <!-- Demo1 -->
  <testcase classname="Test.Demo1" name="test2" time="0.0">
    <ignored/>
  </testcase> <!-- test2 -->
  <testcase classname="Test.Demo1" name="test3" time="0.0">
    <ignored/>
  </testcase> <!-- test3 -->
</testsuite> <!-- Test 3.0 -->
