<?xml version="1.0" encoding="UTF-8"?>
<!-- Generated by org.testng.reporters.JUnitXMLReporter -->
<testsuite ignored="0" hostname="Lenovo-PC" failures="0" tests="6" name="Test" time="0.122" errors="0" timestamp="2021-12-13T16:00:21 IST">
  <testcase classname="Test.BasicIntro" name="Demo1" time="0.013"/>
  <testcase classname="Test.BasicIntro" name="Demobasics" time="0.008"/>
  <testcase classname="Test.Demo" name="test" time="0.002"/>
  <testcase classname="Test.Demo1" name="test" time="0.002"/>
  <testcase classname="Test.Demo1" name="test2" time="0.002"/>
  <testcase classname="Test.Demo1" name="test3" time="0.003"/>
</testsuite> <!-- Test -->
